INFO [2026-03-17 23:02:58] $x
INFO [2026-03-17 23:02:58] list_genes
INFO [2026-03-17 23:02:58] 
INFO [2026-03-17 23:02:58] $filename
INFO [2026-03-17 23:02:58] NULL
INFO [2026-03-17 23:02:58] 
INFO [2026-03-17 23:02:58] $col
INFO [2026-03-17 23:02:58] [1] "transparent"
INFO [2026-03-17 23:02:58] 
INFO [2026-03-17 23:02:58] $fill
INFO [2026-03-17 23:02:58] c("#E64B35", "#00A087", "#3C5488")
INFO [2026-03-17 23:02:58] 
INFO [2026-03-17 23:02:58] $alpha
INFO [2026-03-17 23:02:58] [1] 0.5
INFO [2026-03-17 23:02:58] 
INFO [2026-03-17 23:02:58] $label.col
INFO [2026-03-17 23:02:58] [1] "white"
INFO [2026-03-17 23:02:58] 
INFO [2026-03-17 23:02:58] $cex
INFO [2026-03-17 23:02:58] [1] 1.5
INFO [2026-03-17 23:02:58] 
INFO [2026-03-17 23:02:58] $fontfamily
INFO [2026-03-17 23:02:58] [1] "sans"
INFO [2026-03-17 23:02:58] 
INFO [2026-03-17 23:02:58] $fontface
INFO [2026-03-17 23:02:58] [1] "bold"
INFO [2026-03-17 23:02:58] 
INFO [2026-03-17 23:02:58] $cat.default.pos
INFO [2026-03-17 23:02:58] [1] "text"
INFO [2026-03-17 23:02:58] 
INFO [2026-03-17 23:02:58] $cat.col
INFO [2026-03-17 23:02:58] c("#E64B35", "#00A087", "#3C5488")
INFO [2026-03-17 23:02:58] 
INFO [2026-03-17 23:02:58] $cat.cex
INFO [2026-03-17 23:02:58] [1] 1.5
INFO [2026-03-17 23:02:58] 
INFO [2026-03-17 23:02:58] $cat.fontfamily
INFO [2026-03-17 23:02:58] [1] "sans"
INFO [2026-03-17 23:02:58] 
INFO [2026-03-17 23:02:58] $cat.fontface
INFO [2026-03-17 23:02:58] [1] "bold"
INFO [2026-03-17 23:02:58] 
INFO [2026-03-17 23:02:58] $cat.pos
INFO [2026-03-17 23:02:58] c(-27, 27, 180)
INFO [2026-03-17 23:02:58] 
INFO [2026-03-17 23:02:58] $cat.dist
INFO [2026-03-17 23:02:58] c(0.055, 0.055, 0.055)
INFO [2026-03-17 23:02:58] 
INFO [2026-03-17 23:02:58] $margin
INFO [2026-03-17 23:02:58] [1] 0.1
INFO [2026-03-17 23:02:58] 
