INFO [2026-03-17 23:05:24] $x
INFO [2026-03-17 23:05:24] list_genes
INFO [2026-03-17 23:05:24] 
INFO [2026-03-17 23:05:24] $filename
INFO [2026-03-17 23:05:24] NULL
INFO [2026-03-17 23:05:24] 
INFO [2026-03-17 23:05:24] $col
INFO [2026-03-17 23:05:24] [1] "transparent"
INFO [2026-03-17 23:05:24] 
INFO [2026-03-17 23:05:24] $fill
INFO [2026-03-17 23:05:24] c("#E64B35", "#00A087", "#3C5488")
INFO [2026-03-17 23:05:24] 
INFO [2026-03-17 23:05:24] $alpha
INFO [2026-03-17 23:05:24] [1] 0.5
INFO [2026-03-17 23:05:24] 
INFO [2026-03-17 23:05:24] $label.col
INFO [2026-03-17 23:05:24] [1] "white"
INFO [2026-03-17 23:05:24] 
INFO [2026-03-17 23:05:24] $cex
INFO [2026-03-17 23:05:24] [1] 1.5
INFO [2026-03-17 23:05:24] 
INFO [2026-03-17 23:05:24] $fontfamily
INFO [2026-03-17 23:05:24] [1] "sans"
INFO [2026-03-17 23:05:24] 
INFO [2026-03-17 23:05:24] $fontface
INFO [2026-03-17 23:05:24] [1] "bold"
INFO [2026-03-17 23:05:24] 
INFO [2026-03-17 23:05:24] $cat.default.pos
INFO [2026-03-17 23:05:24] [1] "text"
INFO [2026-03-17 23:05:24] 
INFO [2026-03-17 23:05:24] $cat.col
INFO [2026-03-17 23:05:24] c("#E64B35", "#00A087", "#3C5488")
INFO [2026-03-17 23:05:24] 
INFO [2026-03-17 23:05:24] $cat.cex
INFO [2026-03-17 23:05:24] [1] 1.5
INFO [2026-03-17 23:05:24] 
INFO [2026-03-17 23:05:24] $cat.fontfamily
INFO [2026-03-17 23:05:24] [1] "sans"
INFO [2026-03-17 23:05:24] 
INFO [2026-03-17 23:05:24] $cat.fontface
INFO [2026-03-17 23:05:24] [1] "bold"
INFO [2026-03-17 23:05:24] 
INFO [2026-03-17 23:05:24] $cat.pos
INFO [2026-03-17 23:05:24] c(-27, 27, 180)
INFO [2026-03-17 23:05:24] 
INFO [2026-03-17 23:05:24] $cat.dist
INFO [2026-03-17 23:05:24] c(0.055, 0.055, 0.055)
INFO [2026-03-17 23:05:24] 
INFO [2026-03-17 23:05:24] $margin
INFO [2026-03-17 23:05:24] [1] 0.1
INFO [2026-03-17 23:05:24] 
