INFO [2026-03-14 14:55:17] $x
INFO [2026-03-14 14:55:17] list_genes
INFO [2026-03-14 14:55:17] 
INFO [2026-03-14 14:55:17] $filename
INFO [2026-03-14 14:55:17] NULL
INFO [2026-03-14 14:55:17] 
INFO [2026-03-14 14:55:17] $col
INFO [2026-03-14 14:55:17] [1] "transparent"
INFO [2026-03-14 14:55:17] 
INFO [2026-03-14 14:55:17] $fill
INFO [2026-03-14 14:55:17] c("#E64B35", "#00A087", "#3C5488")
INFO [2026-03-14 14:55:17] 
INFO [2026-03-14 14:55:17] $alpha
INFO [2026-03-14 14:55:17] [1] 0.5
INFO [2026-03-14 14:55:17] 
INFO [2026-03-14 14:55:17] $label.col
INFO [2026-03-14 14:55:17] [1] "white"
INFO [2026-03-14 14:55:17] 
INFO [2026-03-14 14:55:17] $cex
INFO [2026-03-14 14:55:17] [1] 1.5
INFO [2026-03-14 14:55:17] 
INFO [2026-03-14 14:55:17] $fontfamily
INFO [2026-03-14 14:55:17] [1] "sans"
INFO [2026-03-14 14:55:17] 
INFO [2026-03-14 14:55:17] $fontface
INFO [2026-03-14 14:55:17] [1] "bold"
INFO [2026-03-14 14:55:17] 
INFO [2026-03-14 14:55:17] $cat.default.pos
INFO [2026-03-14 14:55:17] [1] "text"
INFO [2026-03-14 14:55:17] 
INFO [2026-03-14 14:55:17] $cat.col
INFO [2026-03-14 14:55:17] c("#E64B35", "#00A087", "#3C5488")
INFO [2026-03-14 14:55:17] 
INFO [2026-03-14 14:55:17] $cat.cex
INFO [2026-03-14 14:55:17] [1] 1.5
INFO [2026-03-14 14:55:17] 
INFO [2026-03-14 14:55:17] $cat.fontfamily
INFO [2026-03-14 14:55:17] [1] "sans"
INFO [2026-03-14 14:55:17] 
INFO [2026-03-14 14:55:17] $cat.fontface
INFO [2026-03-14 14:55:17] [1] "bold"
INFO [2026-03-14 14:55:17] 
INFO [2026-03-14 14:55:17] $cat.pos
INFO [2026-03-14 14:55:17] c(-27, 27, 180)
INFO [2026-03-14 14:55:17] 
INFO [2026-03-14 14:55:17] $cat.dist
INFO [2026-03-14 14:55:17] c(0.055, 0.055, 0.055)
INFO [2026-03-14 14:55:17] 
INFO [2026-03-14 14:55:17] $margin
INFO [2026-03-14 14:55:17] [1] 0.1
INFO [2026-03-14 14:55:17] 
